The system is: Windows - 10.0.17134 - AMD64
Compiling the C compiler identification source file "CMakeCCompilerId.c" succeeded.
Compiler: D:/Microsoft Visual Studio/IDE/VC/Tools/MSVC/14.16.27023/bin/Hostx86/x86/cl.exe 
Build flags: 
Id flags:  

The output was:
0
用于 x86 的 Microsoft (R) C/C++ 优化编译器 19.16.27027.1 版
版权所有(C) Microsoft Corporation。保留所有权利。

CMakeCCompilerId.c
Microsoft (R) Incremental Linker Version 14.16.27027.1
Copyright (C) Microsoft Corporation.  All rights reserved.

/out:CMakeCCompilerId.exe 
CMakeCCompilerId.obj 


Compilation of the C compiler identification source "CMakeCCompilerId.c" produced "CMakeCCompilerId.exe"

Compilation of the C compiler identification source "CMakeCCompilerId.c" produced "CMakeCCompilerId.obj"

The C compiler identification is MSVC, found in "D:/code/DataStructures-Alogrithms/BinaryTree/cmake-build-debug/CMakeFiles/3.15.3/CompilerIdC/CMakeCCompilerId.exe"

Compiling the CXX compiler identification source file "CMakeCXXCompilerId.cpp" succeeded.
Compiler: D:/Microsoft Visual Studio/IDE/VC/Tools/MSVC/14.16.27023/bin/Hostx86/x86/cl.exe 
Build flags: 
Id flags:  

The output was:
0
用于 x86 的 Microsoft (R) C/C++ 优化编译器 19.16.27027.1 版
版权所有(C) Microsoft Corporation。保留所有权利。

CMakeCXXCompilerId.cpp
Microsoft (R) Incremental Linker Version 14.16.27027.1
Copyright (C) Microsoft Corporation.  All rights reserved.

/out:CMakeCXXCompilerId.exe 
CMakeCXXCompilerId.obj 


Compilation of the CXX compiler identification source "CMakeCXXCompilerId.cpp" produced "CMakeCXXCompilerId.exe"

Compilation of the CXX compiler identification source "CMakeCXXCompilerId.cpp" produced "CMakeCXXCompilerId.obj"

The CXX compiler identification is MSVC, found in "D:/code/DataStructures-Alogrithms/BinaryTree/cmake-build-debug/CMakeFiles/3.15.3/CompilerIdCXX/CMakeCXXCompilerId.exe"

Determining if the C compiler works passed with the following output:
Change Dir: D:/code/DataStructures-Alogrithms/BinaryTree/cmake-build-debug/CMakeFiles/CMakeTmp

Run Build Command(s):nmake /nologo cmTC_c32d7\fast && 	"D:\Microsoft Visual Studio\IDE\VC\Tools\MSVC\14.16.27023\bin\HostX86\x86\nmake.exe" -f CMakeFiles\cmTC_c32d7.dir\build.make /nologo -L                  CMakeFiles\cmTC_c32d7.dir\build
Building C object CMakeFiles/cmTC_c32d7.dir/testCCompiler.c.obj
	D:\MICROS~1\IDE\VC\Tools\MSVC\1416~1.270\bin\Hostx86\x86\cl.exe @C:\Users\JORMUN~1\AppData\Local\Temp\nm95FD.tmp
testCCompiler.c
Linking C executable cmTC_c32d7.exe
	"E:\Jet Brain toolsbox\apps\CLion\ch-0\192.7142.39\bin\cmake\win\bin\cmake.exe" -E vs_link_exe --intdir=CMakeFiles\cmTC_c32d7.dir --rc=D:\WINDOW~1\10\bin\100177~1.0\x86\rc.exe --mt=D:\WINDOW~1\10\bin\100177~1.0\x86\mt.exe --manifests  -- D:\MICROS~1\IDE\VC\Tools\MSVC\1416~1.270\bin\Hostx86\x86\link.exe /nologo @CMakeFiles\cmTC_c32d7.dir\objects1.rsp @C:\Users\JORMUN~1\AppData\Local\Temp\nm966B.tmp



Detecting C compiler ABI info compiled with the following output:
Change Dir: D:/code/DataStructures-Alogrithms/BinaryTree/cmake-build-debug/CMakeFiles/CMakeTmp

Run Build Command(s):nmake /nologo cmTC_8ae9b\fast && 	"D:\Microsoft Visual Studio\IDE\VC\Tools\MSVC\14.16.27023\bin\HostX86\x86\nmake.exe" -f CMakeFiles\cmTC_8ae9b.dir\build.make /nologo -L                  CMakeFiles\cmTC_8ae9b.dir\build
Building C object CMakeFiles/cmTC_8ae9b.dir/CMakeCCompilerABI.c.obj
	D:\MICROS~1\IDE\VC\Tools\MSVC\1416~1.270\bin\Hostx86\x86\cl.exe @C:\Users\JORMUN~1\AppData\Local\Temp\nm9F15.tmp
CMakeCCompilerABI.c
Linking C executable cmTC_8ae9b.exe
	"E:\Jet Brain toolsbox\apps\CLion\ch-0\192.7142.39\bin\cmake\win\bin\cmake.exe" -E vs_link_exe --intdir=CMakeFiles\cmTC_8ae9b.dir --rc=D:\WINDOW~1\10\bin\100177~1.0\x86\rc.exe --mt=D:\WINDOW~1\10\bin\100177~1.0\x86\mt.exe --manifests  -- D:\MICROS~1\IDE\VC\Tools\MSVC\1416~1.270\bin\Hostx86\x86\link.exe /nologo @CMakeFiles\cmTC_8ae9b.dir\objects1.rsp @C:\Users\JORMUN~1\AppData\Local\Temp\nm9F93.tmp



